2019-03-07T20:56:44+00:00 CRITICAL syntax error, unexpected 'do_action' (T_STRING), expecting ',' or ';' в /var/www/html/wp-content/themes/idintegrator/woocommerce/content-product.php на строке 47

2019-03-07T21:04:06+00:00 CRITICAL syntax error, unexpected 'public' (T_PUBLIC) в /var/www/html/wp-content/themes/idintegrator/functions.php на строке 249

2019-03-07T21:04:24+00:00 CRITICAL syntax error, unexpected '}' в /var/www/html/wp-content/themes/idintegrator/functions.php на строке 253

2019-03-07T21:12:06+00:00 CRITICAL Uncaught Error: Call to undefined function woocommerce_product_get_image() in /var/www/html/wp-content/themes/idintegrator/woocommerce/content-product.php:29
Stack trace:
#0 /var/www/html/wp-includes/template.php(706): require()
#1 /var/www/html/wp-content/plugins/woocommerce/includes/wc-core-functions.php(181): load_template('/var/www/html/w...', false)
#2 /var/www/html/wp-content/themes/idintegrator/woocommerce/archive-product.php(74): wc_get_template_part('content', 'product')
#3 /var/www/html/wp-content/plugins/woocommerce/includes/wc-core-functions.php(211): include('/var/www/html/w...')
#4 /var/www/html/wp-content/plugins/woocommerce/templates/taxonomy-product_cat.php(22): wc_get_template('archive-product...')
#5 /var/www/html/wp-includes/template-loader.php(77): include('/var/www/html/w...')
#6 /var/www/html/wp-blog-header.php(19): require_once('/var/www/html/w...')
#7 /var/www/html/index.php(17): require('/var/www/html/w...')
#8 {main}
  thrown в /var/www/html/wp-content/themes/idintegrator/woocommerce/content-product.php на строке 29

2019-03-07T21:12:41+00:00 CRITICAL Uncaught Error: Call to a member function get_image_id() on null in /var/www/html/wp-content/themes/idintegrator/functions.php:252
Stack trace:
#0 /var/www/html/wp-content/themes/idintegrator/inc/woocommerce.php(200): woocommerce_product_get_image_url(NULL)
#1 /var/www/html/wp-includes/class-wp-hook.php(286): Id_integrator_woocommerce_product_wrapper_start('')
#2 /var/www/html/wp-includes/class-wp-hook.php(310): WP_Hook->apply_filters(NULL, Array)
#3 /var/www/html/wp-includes/plugin.php(465): WP_Hook->do_action(Array)
#4 /var/www/html/wp-content/themes/idintegrator/woocommerce/content-product.php(43): do_action('woocommerce_bef...')
#5 /var/www/html/wp-includes/template.php(706): require('/var/www/html/w...')
#6 /var/www/html/wp-content/plugins/woocommerce/includes/wc-core-functions.php(181): load_template('/var/www/html/w...', false)
#7 /var/www/html/wp-content/themes/idintegrator/woocommerce/archive-product.php(74): wc_get_template_part('content', 'product')
#8 /var/www/html/wp-content/plugins/woocommerce/i в /var/www/html/wp-content/themes/idintegrator/functions.php на строке 252

2019-03-07T21:13:28+00:00 CRITICAL Uncaught Error: Using $this when not in object context in /var/www/html/wp-content/themes/idintegrator/inc/woocommerce.php:200
Stack trace:
#0 /var/www/html/wp-includes/class-wp-hook.php(286): Id_integrator_woocommerce_product_wrapper_start('')
#1 /var/www/html/wp-includes/class-wp-hook.php(310): WP_Hook->apply_filters(NULL, Array)
#2 /var/www/html/wp-includes/plugin.php(465): WP_Hook->do_action(Array)
#3 /var/www/html/wp-content/themes/idintegrator/woocommerce/content-product.php(43): do_action('woocommerce_bef...')
#4 /var/www/html/wp-includes/template.php(706): require('/var/www/html/w...')
#5 /var/www/html/wp-content/plugins/woocommerce/includes/wc-core-functions.php(181): load_template('/var/www/html/w...', false)
#6 /var/www/html/wp-content/themes/idintegrator/woocommerce/archive-product.php(74): wc_get_template_part('content', 'product')
#7 /var/www/html/wp-content/plugins/woocommerce/includes/wc-core-functions.php(211): include('/var/www/html/w...')
#8 /var/www/html/wp-content/plugins/woocommerce/temp в /var/www/html/wp-content/themes/idintegrator/inc/woocommerce.php на строке 200

2019-03-07T21:13:36+00:00 CRITICAL Uncaught Error: Call to a member function get_image_id() on string in /var/www/html/wp-content/themes/idintegrator/functions.php:252
Stack trace:
#0 /var/www/html/wp-content/themes/idintegrator/inc/woocommerce.php(200): woocommerce_product_get_image_url('')
#1 /var/www/html/wp-includes/class-wp-hook.php(286): Id_integrator_woocommerce_product_wrapper_start('')
#2 /var/www/html/wp-includes/class-wp-hook.php(310): WP_Hook->apply_filters(NULL, Array)
#3 /var/www/html/wp-includes/plugin.php(465): WP_Hook->do_action(Array)
#4 /var/www/html/wp-content/themes/idintegrator/woocommerce/content-product.php(43): do_action('woocommerce_bef...')
#5 /var/www/html/wp-includes/template.php(706): require('/var/www/html/w...')
#6 /var/www/html/wp-content/plugins/woocommerce/includes/wc-core-functions.php(181): load_template('/var/www/html/w...', false)
#7 /var/www/html/wp-content/themes/idintegrator/woocommerce/archive-product.php(74): wc_get_template_part('content', 'product')
#8 /var/www/html/wp-content/plugins/woocommerce/i в /var/www/html/wp-content/themes/idintegrator/functions.php на строке 252

2019-03-07T21:14:14+00:00 CRITICAL Uncaught Error: Call to a member function get_image_id() on string in /var/www/html/wp-content/themes/idintegrator/functions.php:252
Stack trace:
#0 /var/www/html/wp-content/themes/idintegrator/inc/woocommerce.php(200): woocommerce_product_get_image_url('')
#1 /var/www/html/wp-includes/class-wp-hook.php(286): Id_integrator_woocommerce_product_wrapper_start('')
#2 /var/www/html/wp-includes/class-wp-hook.php(310): WP_Hook->apply_filters(NULL, Array)
#3 /var/www/html/wp-includes/plugin.php(465): WP_Hook->do_action(Array)
#4 /var/www/html/wp-content/themes/idintegrator/woocommerce/content-product.php(43): do_action('woocommerce_bef...')
#5 /var/www/html/wp-includes/template.php(706): require('/var/www/html/w...')
#6 /var/www/html/wp-content/plugins/woocommerce/includes/wc-core-functions.php(181): load_template('/var/www/html/w...', false)
#7 /var/www/html/wp-content/themes/idintegrator/woocommerce/archive-product.php(74): wc_get_template_part('content', 'product')
#8 /var/www/html/wp-content/plugins/woocommerce/i в /var/www/html/wp-content/themes/idintegrator/functions.php на строке 252

2019-03-07T22:39:35+00:00 CRITICAL syntax error, unexpected 'print_r' (T_STRING) в /var/www/html/wp-content/themes/idintegrator/woocommerce/archive-product.php на строке 39

2019-03-07T22:40:24+00:00 CRITICAL syntax error, unexpected 'in' (T_STRING) в /var/www/html/wp-content/themes/idintegrator/woocommerce/archive-product.php на строке 41

2019-03-07T22:40:44+00:00 CRITICAL syntax error, unexpected 'in' (T_STRING) в /var/www/html/wp-content/themes/idintegrator/woocommerce/archive-product.php на строке 41

2019-03-07T22:45:11+00:00 CRITICAL Uncaught Error: Call to undefined function wp_get_post() in /var/www/html/wp-content/themes/idintegrator/woocommerce/archive-product.php:42
Stack trace:
#0 /var/www/html/wp-content/plugins/woocommerce/includes/wc-core-functions.php(211): include()
#1 /var/www/html/wp-content/plugins/woocommerce/templates/taxonomy-product_cat.php(22): wc_get_template('archive-product...')
#2 /var/www/html/wp-includes/template-loader.php(77): include('/var/www/html/w...')
#3 /var/www/html/wp-blog-header.php(19): require_once('/var/www/html/w...')
#4 /var/www/html/index.php(17): require('/var/www/html/w...')
#5 {main}
  thrown в /var/www/html/wp-content/themes/idintegrator/woocommerce/archive-product.php на строке 42

2019-03-07T22:46:01+00:00 CRITICAL Uncaught Error: Call to undefined function category_name() in /var/www/html/wp-content/themes/idintegrator/woocommerce/archive-product.php:41
Stack trace:
#0 /var/www/html/wp-content/plugins/woocommerce/includes/wc-core-functions.php(211): include()
#1 /var/www/html/wp-content/plugins/woocommerce/templates/taxonomy-product_cat.php(22): wc_get_template('archive-product...')
#2 /var/www/html/wp-includes/template-loader.php(77): include('/var/www/html/w...')
#3 /var/www/html/wp-blog-header.php(19): require_once('/var/www/html/w...')
#4 /var/www/html/index.php(17): require('/var/www/html/w...')
#5 {main}
  thrown в /var/www/html/wp-content/themes/idintegrator/woocommerce/archive-product.php на строке 41

2019-03-07T22:46:12+00:00 CRITICAL Uncaught Error: Call to undefined function category_name() in /var/www/html/wp-content/themes/idintegrator/woocommerce/archive-product.php:41
Stack trace:
#0 /var/www/html/wp-content/plugins/woocommerce/includes/wc-core-functions.php(211): include()
#1 /var/www/html/wp-content/plugins/woocommerce/templates/taxonomy-product_cat.php(22): wc_get_template('archive-product...')
#2 /var/www/html/wp-includes/template-loader.php(77): include('/var/www/html/w...')
#3 /var/www/html/wp-blog-header.php(19): require_once('/var/www/html/w...')
#4 /var/www/html/index.php(17): require('/var/www/html/w...')
#5 {main}
  thrown в /var/www/html/wp-content/themes/idintegrator/woocommerce/archive-product.php на строке 41

2019-03-07T22:46:58+00:00 CRITICAL Uncaught Error: Call to undefined function category_title() in /var/www/html/wp-content/themes/idintegrator/woocommerce/archive-product.php:41
Stack trace:
#0 /var/www/html/wp-content/plugins/woocommerce/includes/wc-core-functions.php(211): include()
#1 /var/www/html/wp-content/plugins/woocommerce/templates/taxonomy-product_cat.php(22): wc_get_template('archive-product...')
#2 /var/www/html/wp-includes/template-loader.php(77): include('/var/www/html/w...')
#3 /var/www/html/wp-blog-header.php(19): require_once('/var/www/html/w...')
#4 /var/www/html/index.php(17): require('/var/www/html/w...')
#5 {main}
  thrown в /var/www/html/wp-content/themes/idintegrator/woocommerce/archive-product.php на строке 41

2019-03-07T22:50:51+00:00 CRITICAL syntax error, unexpected end of file, expecting elseif (T_ELSEIF) or else (T_ELSE) or endif (T_ENDIF) в /var/www/html/wp-content/themes/idintegrator/woocommerce/archive-product.php на строке 119

2019-03-07T22:51:28+00:00 CRITICAL syntax error, unexpected end of file в /var/www/html/wp-content/themes/idintegrator/woocommerce/archive-product.php на строке 119

