2019-02-26T20:16:39+00:00 CRITICAL Uncaught Error: Class 'WP_bootstrap_4_walker_nav_menu' not found in /var/www/html/wp-content/themes/idintegrator/header.php:65
Stack trace:
#0 /var/www/html/wp-includes/template.php(704): require_once()
#1 /var/www/html/wp-includes/template.php(653): load_template('/var/www/html/w...', true)
#2 /var/www/html/wp-includes/general-template.php(41): locate_template(Array, true)
#3 /var/www/html/wp-content/themes/idintegrator/front-page.php(1): get_header()
#4 /var/www/html/wp-includes/template-loader.php(77): include('/var/www/html/w...')
#5 /var/www/html/wp-blog-header.php(19): require_once('/var/www/html/w...')
#6 /var/www/html/index.php(17): require('/var/www/html/w...')
#7 {main}
  thrown в /var/www/html/wp-content/themes/idintegrator/header.php на строке 65

2019-02-26T20:17:34+00:00 CRITICAL Uncaught Error: Class 'WP_bootstrap_4_walker_nav_menu' not found in /var/www/html/wp-content/themes/idintegrator/header.php:65
Stack trace:
#0 /var/www/html/wp-includes/template.php(704): require_once()
#1 /var/www/html/wp-includes/template.php(653): load_template('/var/www/html/w...', true)
#2 /var/www/html/wp-includes/general-template.php(41): locate_template(Array, true)
#3 /var/www/html/wp-content/themes/idintegrator/front-page.php(1): get_header()
#4 /var/www/html/wp-includes/template-loader.php(77): include('/var/www/html/w...')
#5 /var/www/html/wp-blog-header.php(19): require_once('/var/www/html/w...')
#6 /var/www/html/index.php(17): require('/var/www/html/w...')
#7 {main}
  thrown в /var/www/html/wp-content/themes/idintegrator/header.php на строке 65

2019-02-26T20:18:02+00:00 CRITICAL Uncaught Error: Class 'WP_bootstrap_4_walker_nav_menu' not found in /var/www/html/wp-content/themes/idintegrator/header.php:65
Stack trace:
#0 /var/www/html/wp-includes/template.php(704): require_once()
#1 /var/www/html/wp-includes/template.php(653): load_template('/var/www/html/w...', true)
#2 /var/www/html/wp-includes/general-template.php(41): locate_template(Array, true)
#3 /var/www/html/wp-content/themes/idintegrator/front-page.php(1): get_header()
#4 /var/www/html/wp-includes/template-loader.php(77): include('/var/www/html/w...')
#5 /var/www/html/wp-blog-header.php(19): require_once('/var/www/html/w...')
#6 /var/www/html/index.php(17): require('/var/www/html/w...')
#7 {main}
  thrown в /var/www/html/wp-content/themes/idintegrator/header.php на строке 65

2019-02-26T20:18:44+00:00 CRITICAL Uncaught Error: Class 'WP_bootstrap_4_walker_nav_menu' not found in /var/www/html/wp-content/themes/idintegrator/header.php:65
Stack trace:
#0 /var/www/html/wp-includes/template.php(704): require_once()
#1 /var/www/html/wp-includes/template.php(653): load_template('/var/www/html/w...', true)
#2 /var/www/html/wp-includes/general-template.php(41): locate_template(Array, true)
#3 /var/www/html/wp-content/themes/idintegrator/front-page.php(1): get_header()
#4 /var/www/html/wp-includes/template-loader.php(77): include('/var/www/html/w...')
#5 /var/www/html/wp-blog-header.php(19): require_once('/var/www/html/w...')
#6 /var/www/html/index.php(17): require('/var/www/html/w...')
#7 {main}
  thrown в /var/www/html/wp-content/themes/idintegrator/header.php на строке 65

2019-02-26T20:27:28+00:00 CRITICAL Uncaught Error: Class 'WP_bootstrap_4_walker_nav_menu' not found in /var/www/html/wp-content/themes/idintegrator/header.php:53
Stack trace:
#0 /var/www/html/wp-includes/template.php(704): require_once()
#1 /var/www/html/wp-includes/template.php(653): load_template('/var/www/html/w...', true)
#2 /var/www/html/wp-includes/general-template.php(41): locate_template(Array, true)
#3 /var/www/html/wp-content/themes/idintegrator/front-page.php(1): get_header()
#4 /var/www/html/wp-includes/template-loader.php(77): include('/var/www/html/w...')
#5 /var/www/html/wp-blog-header.php(19): require_once('/var/www/html/w...')
#6 /var/www/html/index.php(17): require('/var/www/html/w...')
#7 {main}
  thrown в /var/www/html/wp-content/themes/idintegrator/header.php на строке 53

2019-02-26T20:27:32+00:00 CRITICAL Uncaught Error: Class 'WP_bootstrap_4_walker_nav_menu' not found in /var/www/html/wp-content/themes/idintegrator/header.php:53
Stack trace:
#0 /var/www/html/wp-includes/template.php(704): require_once()
#1 /var/www/html/wp-includes/template.php(653): load_template('/var/www/html/w...', true)
#2 /var/www/html/wp-includes/general-template.php(41): locate_template(Array, true)
#3 /var/www/html/wp-content/themes/idintegrator/front-page.php(1): get_header()
#4 /var/www/html/wp-includes/template-loader.php(77): include('/var/www/html/w...')
#5 /var/www/html/wp-blog-header.php(19): require_once('/var/www/html/w...')
#6 /var/www/html/index.php(17): require('/var/www/html/w...')
#7 {main}
  thrown in /var/www/html/wp-content/themes/idintegrator/header.php on line 53

2019-02-26T20:30:15+00:00 CRITICAL Uncaught Error: Class 'WP_bootstrap_4_walker_nav_menu' not found in /var/www/html/wp-content/themes/idintegrator/header.php:53
Stack trace:
#0 /var/www/html/wp-includes/template.php(704): require_once()
#1 /var/www/html/wp-includes/template.php(653): load_template('/var/www/html/w...', true)
#2 /var/www/html/wp-includes/general-template.php(41): locate_template(Array, true)
#3 /var/www/html/wp-content/themes/idintegrator/page.php(1): get_header()
#4 /var/www/html/wp-includes/template-loader.php(77): include('/var/www/html/w...')
#5 /var/www/html/wp-blog-header.php(19): require_once('/var/www/html/w...')
#6 /var/www/html/index.php(17): require('/var/www/html/w...')
#7 {main}
  thrown в /var/www/html/wp-content/themes/idintegrator/header.php на строке 53

